<?xml version="1.0" encoding="UTF-8"?>
<testsuite xmlns:xsi="http://www.w3.org/2001/XMLSchema-instance" xsi:noNamespaceSchemaLocation="https://maven.apache.org/surefire/maven-surefire-plugin/xsd/surefire-test-report.xsd" name="com.example.EvenCheckerTest" time="0.175" tests="10" errors="0" skipped="0" failures="0">
  <properties>
[...]
</properties>
  <testcase name="testOddNumbers{int}[1]" classname="com.example.EvenCheckerTest" time="0.049"/>
  <testcase name="testOddNumbers{int}[2]" classname="com.example.EvenCheckerTest" time="0"/>
  <testcase name="testOddNumbers{int}[3]" classname="com.example.EvenCheckerTest" time="0"/>
  <testcase name="testOddNumbers{int}[4]" classname="com.example.EvenCheckerTest" time="0"/>
  <testcase name="testOddNumbers{int}[5]" classname="com.example.EvenCheckerTest" time="0"/>
  <testcase name="testEvenNumbers{int}[1]" classname="com.example.EvenCheckerTest" time="0"/>
  <testcase name="testEvenNumbers{int}[2]" classname="com.example.EvenCheckerTest" time="0"/>
  <testcase name="testEvenNumbers{int}[3]" classname="com.example.EvenCheckerTest" time="0"/>
  <testcase name="testEvenNumbers{int}[4]" classname="com.example.EvenCheckerTest" time="0"/>
  <testcase name="testEvenNumbers{int}[5]" classname="com.example.EvenCheckerTest" time="0"/>
</testsuite>